<?xml version="1.0" encoding="UTF-8"?>
<!-- Generated by org.testng.reporters.JUnitXMLReporter -->
<testsuite ignored="2" hostname="Ashok" failures="0" tests="6" name="Groups" time="0.063" errors="0" timestamp="2021-02-06T14:45:19 IST">
  <testcase classname="Groups.Groups_Demo_Class_1" name="Test_1" time="0.005"/>
  <testcase classname="Groups.Groups_Demo_Class_1" name="Test_2" time="0.004"/>
  <testcase classname="Groups.Groups_Demo_Class_2" name="Test_1" time="0.002"/>
  <testcase classname="Groups.Groups_Demo_Class_2" name="Test_2" time="0.002"/>
  <testcase classname="Groups.Groups_Demo_Class_2" name="Test_3" time="0.001"/>
  <testcase classname="Groups.Groups_Demo_Class_2" name="Test_4" time="0.001"/>
  <testcase classname="Groups.Groups_Demo_Class_1" name="Test_3" time="0.0">
    <ignored/>
  </testcase> <!-- Test_3 -->
  <testcase classname="Groups.Groups_Demo_Class_1" name="Test_4" time="0.0">
    <ignored/>
  </testcase> <!-- Test_4 -->
</testsuite> <!-- Groups -->
