<?xml version="1.0" encoding="UTF-8"?>
<!-- Generated by org.testng.reporters.JUnitXMLReporter -->
<testsuite ignored="2" hostname="Ashok" failures="0" tests="4" name="Include_Exclude_Methods" time="0.038" errors="0" timestamp="2021-02-06T14:58:09 IST">
  <testcase classname="Include_Exclude.Include_Exclude_Methods_Demo" name="Test_1" time="0.005"/>
  <testcase classname="Include_Exclude.Include_Exclude_Methods_Demo" name="Test_2" time="0.001"/>
  <testcase classname="Include_Exclude.Include_Exclude_Methods_Demo" name="Test_4" time="0.001"/>
  <testcase classname="Include_Exclude.Include_Exclude_Methods_Demo" name="Test_6" time="0.001"/>
  <testcase classname="Include_Exclude.Include_Exclude_Methods_Demo" name="Test_3" time="0.0">
    <ignored/>
  </testcase> <!-- Test_3 -->
  <testcase classname="Include_Exclude.Include_Exclude_Methods_Demo" name="Test_5" time="0.0">
    <ignored/>
  </testcase> <!-- Test_5 -->
</testsuite> <!-- Include_Exclude_Methods -->
