<?xml version="1.0" encoding="UTF-8"?>
<!-- Generated by org.testng.reporters.JUnitXMLReporter -->
<testsuite ignored="2" hostname="Ashok" failures="0" tests="2" name="Multiple_1" time="0.042" errors="0" timestamp="2021-02-06T15:18:07 IST">
  <testcase classname="Multiple.Multiple_Demo" name="Test_1" time="0.007"/>
  <testcase classname="Multiple.Multiple_Demo" name="Test_2" time="0.002"/>
  <testcase classname="Multiple.Multiple_Demo" name="Test_B" time="0.0">
    <ignored/>
  </testcase> <!-- Test_B -->
  <testcase classname="Multiple.Multiple_Demo" name="Test_A" time="0.0">
    <ignored/>
  </testcase> <!-- Test_A -->
</testsuite> <!-- Multiple_1 -->
